<?xml version="1.0" encoding="UTF-8"?>
<testsuite xmlns:xsi="http://www.w3.org/2001/XMLSchema-instance" xsi:noNamespaceSchemaLocation="https://maven.apache.org/surefire/maven-surefire-plugin/xsd/surefire-test-report-3.0.xsd" version="3.0" name="org.lfenergy.compas.scl.auto.alignment.rest.HealthCheckTest" time="7.374" tests="2" errors="0" skipped="0" failures="0">
  <properties>
    <property name="gopherProxySet" value="false"/>
    <property name="awt.toolkit" value="sun.lwawt.macosx.LWCToolkit"/>
    <property name="java.specification.version" value="11"/>
    <property name="sun.cpu.isalist" value=""/>
    <property name="sun.jnu.encoding" value="UTF-8"/>
    <property name="test.url" value="http://localhost:8081"/>
    <property name="java.class.path" value="/Users/rob/Code/CoMPAS/compas-scl-auto-alignment/app/target/test-classes:/Users/rob/Code/CoMPAS/compas-scl-auto-alignment/app/target/classes:/Users/rob/Code/CoMPAS/compas-scl-auto-alignment/service/target/service-local-SNAPSHOT.jar:/Users/rob/.m2/repository/com/powsybl/powsybl-cgmes-conversion/4.5.0/powsybl-cgmes-conversion-4.5.0.jar:/Users/rob/.m2/repository/com/powsybl/powsybl-cgmes-extensions/4.5.0/powsybl-cgmes-extensions-4.5.0.jar:/Users/rob/.m2/repository/com/powsybl/powsybl-cgmes-model/4.5.0/powsybl-cgmes-model-4.5.0.jar:/Users/rob/.m2/repository/joda-time/joda-time/2.10.6/joda-time-2.10.6.jar:/Users/rob/.m2/repository/com/powsybl/powsybl-iidm-api/4.5.0/powsybl-iidm-api-4.5.0.jar:/Users/rob/.m2/repository/org/anarres/graphviz/graphviz-builder/1.0.11/graphviz-builder-1.0.11.jar:/Users/rob/.m2/repository/com/google/code/findbugs/annotations/3.0.1/annotations-3.0.1.jar:/Users/rob/.m2/repository/net/jcip/jcip-annotations/1.0/jcip-annotations-1.0.jar:/Users/rob/.m2/repository/org/apache/commons/commons-math3/3.6.1/commons-math3-3.6.1.jar:/Users/rob/.m2/repository/com/powsybl/powsybl-commons/4.5.0/powsybl-commons-4.5.0.jar:/Users/rob/.m2/repository/commons-cli/commons-cli/1.4/commons-cli-1.4.jar:/Users/rob/.m2/repository/com/univocity/univocity-parsers/2.8.3/univocity-parsers-2.8.3.jar:/Users/rob/.m2/repository/net/sf/trove4j/trove4j/3.0.3/trove4j-3.0.3.jar:/Users/rob/.m2/repository/org/apache/commons/commons-compress/1.21/commons-compress-1.21.jar:/Users/rob/.m2/repository/org/apache/commons/commons-text/1.9/commons-text-1.9.jar:/Users/rob/.m2/repository/org/ow2/sirocco/sirocco-text-table-formatter/1.0/sirocco-text-table-formatter-1.0.jar:/Users/rob/.m2/repository/com/powsybl/powsybl-math/4.5.0/powsybl-math-4.5.0.jar:/Users/rob/.m2/repository/gov/nist/math/jama/1.0.3/jama-1.0.3.jar:/Users/rob/.m2/repository/org/scijava/native-lib-loader/2.3.4/native-lib-loader-2.3.4.jar:/Users/rob/.m2/repository/com/powsybl/powsybl-math-native/1.0.4/powsybl-math-native-1.0.4.jar:/Users/rob/.m2/repository/com/powsybl/powsybl-iidm-converter-api/4.5.0/powsybl-iidm-converter-api-4.5.0.jar:/Users/rob/.m2/repository/com/google/auto/service/auto-service/1.0-rc2/auto-service-1.0-rc2.jar:/Users/rob/.m2/repository/com/google/auto/auto-common/0.3/auto-common-0.3.jar:/Users/rob/.m2/repository/com/powsybl/powsybl-computation/4.5.0/powsybl-computation-4.5.0.jar:/Users/rob/.m2/repository/com/powsybl/powsybl-computation-local/4.5.0/powsybl-computation-local-4.5.0.jar:/Users/rob/.m2/repository/com/powsybl/powsybl-tools/4.5.0/powsybl-tools-4.5.0.jar:/Users/rob/.m2/repository/org/antlr/stringtemplate/4.0.2/stringtemplate-4.0.2.jar:/Users/rob/.m2/repository/org/antlr/antlr-runtime/3.5.2/antlr-runtime-3.5.2.jar:/Users/rob/.m2/repository/com/powsybl/powsybl-iidm-xml-converter/4.5.0/powsybl-iidm-xml-converter-4.5.0.jar:/Users/rob/.m2/repository/net/java/dev/stax-utils/stax-utils/20070216/stax-utils-20070216.jar:/Users/rob/.m2/repository/com/powsybl/powsybl-iidm-extensions/4.5.0/powsybl-iidm-extensions-4.5.0.jar:/Users/rob/.m2/repository/com/google/guava/guava/30.1.1-jre/guava-30.1.1-jre.jar:/Users/rob/.m2/repository/com/google/guava/failureaccess/1.0.1/failureaccess-1.0.1.jar:/Users/rob/.m2/repository/com/google/guava/listenablefuture/9999.0-empty-to-avoid-conflict-with-guava/listenablefuture-9999.0-empty-to-avoid-conflict-with-guava.jar:/Users/rob/.m2/repository/com/google/code/findbugs/jsr305/3.0.2/jsr305-3.0.2.jar:/Users/rob/.m2/repository/org/checkerframework/checker-qual/2.5.2/checker-qual-2.5.2.jar:/Users/rob/.m2/repository/com/google/errorprone/error_prone_annotations/2.2.0/error_prone_annotations-2.2.0.jar:/Users/rob/.m2/repository/com/google/j2objc/j2objc-annotations/1.3/j2objc-annotations-1.3.jar:/Users/rob/.m2/repository/org/apache/servicemix/bundles/org.apache.servicemix.bundles.gdata/1.41.1_1/org.apache.servicemix.bundles.gdata-1.41.1_1.jar:/Users/rob/.m2/repository/org/jgrapht/jgrapht-core/1.4.0/jgrapht-core-1.4.0.jar:/Users/rob/.m2/repository/org/jheaps/jheaps/0.11/jheaps-0.11.jar:/Users/rob/.m2/repository/com/powsybl/powsybl-triple-store-impl-rdf4j/4.5.0/powsybl-triple-store-impl-rdf4j-4.5.0.jar:/Users/rob/.m2/repository/org/eclipse/rdf4j/rdf4j-rio-rdfxml/3.3.0/rdf4j-rio-rdfxml-3.3.0.jar:/Users/rob/.m2/repository/org/eclipse/rdf4j/rdf4j-model/3.3.0/rdf4j-model-3.3.0.jar:/Users/rob/.m2/repository/org/eclipse/rdf4j/rdf4j-rio-api/3.3.0/rdf4j-rio-api-3.3.0.jar:/Users/rob/.m2/repository/javax/xml/bind/jaxb-api/2.3.1/jaxb-api-2.3.1.jar:/Users/rob/.m2/repository/javax/activation/javax.activation-api/1.2.0/javax.activation-api-1.2.0.jar:/Users/rob/.m2/repository/com/github/jsonld-java/jsonld-java/0.13.0/jsonld-java-0.13.0.jar:/Users/rob/.m2/repository/org/apache/httpcomponents/httpclient-osgi/4.5.10/httpclient-osgi-4.5.10.jar:/Users/rob/.m2/repository/org/apache/httpcomponents/httpclient-cache/4.5.13/httpclient-cache-4.5.13.jar:/Users/rob/.m2/repository/org/apache/httpcomponents/fluent-hc/4.5.10/fluent-hc-4.5.10.jar:/Users/rob/.m2/repository/org/apache/httpcomponents/httpcore-osgi/4.4.12/httpcore-osgi-4.4.12.jar:/Users/rob/.m2/repository/org/apache/httpcomponents/httpcore-nio/4.4.14/httpcore-nio-4.4.14.jar:/Users/rob/.m2/repository/org/eclipse/rdf4j/rdf4j-rio-datatypes/3.3.0/rdf4j-rio-datatypes-3.3.0.jar:/Users/rob/.m2/repository/org/eclipse/rdf4j/rdf4j-rio-languages/3.3.0/rdf4j-rio-languages-3.3.0.jar:/Users/rob/.m2/repository/org/eclipse/rdf4j/rdf4j-util/3.3.0/rdf4j-util-3.3.0.jar:/Users/rob/.m2/repository/org/eclipse/rdf4j/rdf4j-repository-sail/3.3.0/rdf4j-repository-sail-3.3.0.jar:/Users/rob/.m2/repository/org/eclipse/rdf4j/rdf4j-repository-api/3.3.0/rdf4j-repository-api-3.3.0.jar:/Users/rob/.m2/repository/org/eclipse/rdf4j/rdf4j-sail-api/3.3.0/rdf4j-sail-api-3.3.0.jar:/Users/rob/.m2/repository/org/eclipse/rdf4j/rdf4j-http-client/3.3.0/rdf4j-http-client-3.3.0.jar:/Users/rob/.m2/repository/org/eclipse/rdf4j/rdf4j-http-protocol/3.3.0/rdf4j-http-protocol-3.3.0.jar:/Users/rob/.m2/repository/org/eclipse/rdf4j/rdf4j-rio-ntriples/3.3.0/rdf4j-rio-ntriples-3.3.0.jar:/Users/rob/.m2/repository/org/eclipse/rdf4j/rdf4j-queryresultio-api/3.3.0/rdf4j-queryresultio-api-3.3.0.jar:/Users/rob/.m2/repository/org/eclipse/rdf4j/rdf4j-queryresultio-binary/3.3.0/rdf4j-queryresultio-binary-3.3.0.jar:/Users/rob/.m2/repository/org/eclipse/rdf4j/rdf4j-queryresultio-sparqlxml/3.3.0/rdf4j-queryresultio-sparqlxml-3.3.0.jar:/Users/rob/.m2/repository/org/slf4j/jcl-over-slf4j/1.7.30/jcl-over-slf4j-1.7.30.jar:/Users/rob/.m2/repository/org/eclipse/rdf4j/rdf4j-queryparser-api/3.3.0/rdf4j-queryparser-api-3.3.0.jar:/Users/rob/.m2/repository/org/eclipse/rdf4j/rdf4j-queryalgebra-model/3.3.0/rdf4j-queryalgebra-model-3.3.0.jar:/Users/rob/.m2/repository/org/eclipse/rdf4j/rdf4j-query/3.3.0/rdf4j-query-3.3.0.jar:/Users/rob/.m2/repository/org/eclipse/rdf4j/rdf4j-queryalgebra-evaluation/3.3.0/rdf4j-queryalgebra-evaluation-3.3.0.jar:/Users/rob/.m2/repository/org/eclipse/rdf4j/rdf4j-repository-sparql/3.3.0/rdf4j-repository-sparql-3.3.0.jar:/Users/rob/.m2/repository/org/eclipse/rdf4j/rdf4j-queryparser-sparql/3.3.0/rdf4j-queryparser-sparql-3.3.0.jar:/Users/rob/.m2/repository/org/eclipse/rdf4j/rdf4j-rio-trig/3.3.0/rdf4j-rio-trig-3.3.0.jar:/Users/rob/.m2/repository/org/mapdb/mapdb/1.0.8/mapdb-1.0.8.jar:/Users/rob/.m2/repository/org/eclipse/rdf4j/rdf4j-rio-turtle/3.3.0/rdf4j-rio-turtle-3.3.0.jar:/Users/rob/.m2/repository/org/eclipse/rdf4j/rdf4j-sail-memory/3.3.0/rdf4j-sail-memory-3.3.0.jar:/Users/rob/.m2/repository/org/eclipse/rdf4j/rdf4j-sail-base/3.3.0/rdf4j-sail-base-3.3.0.jar:/Users/rob/.m2/repository/com/powsybl/powsybl-triple-store-api/4.5.0/powsybl-triple-store-api-4.5.0.jar:/Users/rob/.m2/repository/org/mapstruct/mapstruct/1.4.2.Final/mapstruct-1.4.2.Final.jar:/Users/rob/.m2/repository/commons-io/commons-io/2.11.0/commons-io-2.11.0.jar:/Users/rob/.m2/repository/jakarta/enterprise/jakarta.enterprise.cdi-api/2.0.2/jakarta.enterprise.cdi-api-2.0.2.jar:/Users/rob/.m2/repository/jakarta/el/jakarta.el-api/3.0.3/jakarta.el-api-3.0.3.jar:/Users/rob/.m2/repository/jakarta/interceptor/jakarta.interceptor-api/1.2.5/jakarta.interceptor-api-1.2.5.jar:/Users/rob/.m2/repository/jakarta/inject/jakarta.inject-api/1.0/jakarta.inject-api-1.0.jar:/Users/rob/.m2/repository/org/eclipse/microprofile/openapi/microprofile-openapi-api/2.0/microprofile-openapi-api-2.0.jar:/Users/rob/.m2/repository/org/slf4j/slf4j-api/1.7.32/slf4j-api-1.7.32.jar:/Users/rob/.m2/repository/org/lfenergy/compas/core/scl2007b4/0.6.0/scl2007b4-0.6.0.jar:/Users/rob/.m2/repository/org/lfenergy/compas/core/commons/0.6.0/commons-0.6.0.jar:/Users/rob/.m2/repository/jakarta/validation/jakarta.validation-api/2.0.2/jakarta.validation-api-2.0.2.jar:/Users/rob/.m2/repository/com/fasterxml/jackson/core/jackson-databind/2.12.5/jackson-databind-2.12.5.jar:/Users/rob/.m2/repository/com/fasterxml/jackson/core/jackson-annotations/2.12.5/jackson-annotations-2.12.5.jar:/Users/rob/.m2/repository/com/fasterxml/jackson/dataformat/jackson-dataformat-yaml/2.12.5/jackson-dataformat-yaml-2.12.5.jar:/Users/rob/.m2/repository/org/yaml/snakeyaml/1.29/snakeyaml-1.29.jar:/Users/rob/.m2/repository/org/lfenergy/compas/core/scl-extension/0.6.0/scl-extension-0.6.0.jar:/Users/rob/.m2/repository/org/lfenergy/compas/xsd/compas-scl-xsd/0.0.4/compas-scl-xsd-0.0.4.jar:/Users/rob/.m2/repository/jakarta/xml/bind/jakarta.xml.bind-api/2.3.3/jakarta.xml.bind-api-2.3.3.jar:/Users/rob/.m2/repository/jakarta/activation/jakarta.activation-api/1.2.1/jakarta.activation-api-1.2.1.jar:/Users/rob/.m2/repository/com/sun/xml/bind/jaxb-impl/2.3.3/jaxb-impl-2.3.3.jar:/Users/rob/.m2/repository/com/sun/activation/jakarta.activation/1.2.1/jakarta.activation-1.2.1.jar:/Users/rob/.m2/repository/org/lfenergy/compas/core/jaxrs-commons/0.6.0/jaxrs-commons-0.6.0.jar:/Users/rob/.m2/repository/javax/ws/rs/javax.ws.rs-api/2.1.1/javax.ws.rs-api-2.1.1.jar:/Users/rob/.m2/repository/io/quarkus/quarkus-arc/2.4.1.Final/quarkus-arc-2.4.1.Final.jar:/Users/rob/.m2/repository/io/quarkus/arc/arc/2.4.1.Final/arc-2.4.1.Final.jar:/Users/rob/.m2/repository/jakarta/transaction/jakarta.transaction-api/1.3.3/jakarta.transaction-api-1.3.3.jar:/Users/rob/.m2/repository/org/jboss/logging/jboss-logging/3.4.2.Final/jboss-logging-3.4.2.Final.jar:/Users/rob/.m2/repository/io/quarkus/quarkus-core/2.4.1.Final/quarkus-core-2.4.1.Final.jar:/Users/rob/.m2/repository/io/quarkus/quarkus-ide-launcher/2.4.1.Final/quarkus-ide-launcher-2.4.1.Final.jar:/Users/rob/.m2/repository/io/quarkus/quarkus-development-mode-spi/2.4.1.Final/quarkus-development-mode-spi-2.4.1.Final.jar:/Users/rob/.m2/repository/io/smallrye/config/smallrye-config/2.5.1/smallrye-config-2.5.1.jar:/Users/rob/.m2/repository/io/smallrye/config/smallrye-config-core/2.5.1/smallrye-config-core-2.5.1.jar:/Users/rob/.m2/repository/io/smallrye/common/smallrye-common-expression/1.6.0/smallrye-common-expression-1.6.0.jar:/Users/rob/.m2/repository/io/smallrye/common/smallrye-common-function/1.6.0/smallrye-common-function-1.6.0.jar:/Users/rob/.m2/repository/io/smallrye/common/smallrye-common-constraint/1.6.0/smallrye-common-constraint-1.6.0.jar:/Users/rob/.m2/repository/io/smallrye/common/smallrye-common-classloader/1.6.0/smallrye-common-classloader-1.6.0.jar:/Users/rob/.m2/repository/io/smallrye/config/smallrye-config-common/2.5.1/smallrye-config-common-2.5.1.jar:/Users/rob/.m2/repository/org/jboss/logmanager/jboss-logmanager-embedded/1.0.9/jboss-logmanager-embedded-1.0.9.jar:/Users/rob/.m2/repository/org/jboss/logging/jboss-logging-annotations/2.2.1.Final/jboss-logging-annotations-2.2.1.Final.jar:/Users/rob/.m2/repository/org/jboss/threads/jboss-threads/3.4.2.Final/jboss-threads-3.4.2.Final.jar:/Users/rob/.m2/repository/org/jboss/slf4j/slf4j-jboss-logmanager/1.1.0.Final/slf4j-jboss-logmanager-1.1.0.Final.jar:/Users/rob/.m2/repository/org/graalvm/sdk/graal-sdk/21.2.0/graal-sdk-21.2.0.jar:/Users/rob/.m2/repository/org/wildfly/common/wildfly-common/1.5.4.Final-format-001/wildfly-common-1.5.4.Final-format-001.jar:/Users/rob/.m2/repository/io/quarkus/quarkus-bootstrap-runner/2.4.1.Final/quarkus-bootstrap-runner-2.4.1.Final.jar:/Users/rob/.m2/repository/org/eclipse/microprofile/context-propagation/microprofile-context-propagation-api/1.2/microprofile-context-propagation-api-1.2.jar:/Users/rob/.m2/repository/io/quarkus/quarkus-resteasy/2.4.1.Final/quarkus-resteasy-2.4.1.Final.jar:/Users/rob/.m2/repository/io/quarkus/quarkus-vertx-http/2.4.1.Final/quarkus-vertx-http-2.4.1.Final.jar:/Users/rob/.m2/repository/io/quarkus/quarkus-security-runtime-spi/2.4.1.Final/quarkus-security-runtime-spi-2.4.1.Final.jar:/Users/rob/.m2/repository/io/quarkus/quarkus-vertx-http-dev-console-runtime-spi/2.4.1.Final/quarkus-vertx-http-dev-console-runtime-spi-2.4.1.Final.jar:/Users/rob/.m2/repository/io/quarkus/security/quarkus-security/1.1.4.Final/quarkus-security-1.1.4.Final.jar:/Users/rob/.m2/repository/io/quarkus/quarkus-vertx/2.4.1.Final/quarkus-vertx-2.4.1.Final.jar:/Users/rob/.m2/repository/io/quarkus/quarkus-netty/2.4.1.Final/quarkus-netty-2.4.1.Final.jar:/Users/rob/.m2/repository/io/netty/netty-codec/4.1.68.Final/netty-codec-4.1.68.Final.jar:/Users/rob/.m2/repository/io/netty/netty-codec-http/4.1.68.Final/netty-codec-http-4.1.68.Final.jar:/Users/rob/.m2/repository/io/netty/netty-codec-http2/4.1.68.Final/netty-codec-http2-4.1.68.Final.jar:/Users/rob/.m2/repository/io/netty/netty-handler/4.1.68.Final/netty-handler-4.1.68.Final.jar:/Users/rob/.m2/repository/io/netty/netty-codec-haproxy/4.1.68.Final/netty-codec-haproxy-4.1.68.Final.jar:/Users/rob/.m2/repository/io/netty/netty-buffer/4.1.68.Final/netty-buffer-4.1.68.Final.jar:/Users/rob/.m2/repository/io/netty/netty-transport/4.1.68.Final/netty-transport-4.1.68.Final.jar:/Users/rob/.m2/repository/io/quarkus/quarkus-jackson/2.4.1.Final/quarkus-jackson-2.4.1.Final.jar:/Users/rob/.m2/repository/com/fasterxml/jackson/datatype/jackson-datatype-jsr310/2.12.5/jackson-datatype-jsr310-2.12.5.jar:/Users/rob/.m2/repository/com/fasterxml/jackson/datatype/jackson-datatype-jdk8/2.12.5/jackson-datatype-jdk8-2.12.5.jar:/Users/rob/.m2/repository/com/fasterxml/jackson/module/jackson-module-parameter-names/2.12.5/jackson-module-parameter-names-2.12.5.jar:/Users/rob/.m2/repository/io/smallrye/reactive/smallrye-mutiny-vertx-core/2.14.1/smallrye-mutiny-vertx-core-2.14.1.jar:/Users/rob/.m2/repository/io/smallrye/reactive/smallrye-mutiny-vertx-runtime/2.14.1/smallrye-mutiny-vertx-runtime-2.14.1.jar:/Users/rob/.m2/repository/io/smallrye/reactive/vertx-mutiny-generator/2.14.1/vertx-mutiny-generator-2.14.1.jar:/Users/rob/.m2/repository/io/vertx/vertx-codegen/4.1.5/vertx-codegen-4.1.5.jar:/Users/rob/.m2/repository/io/smallrye/smallrye-fault-tolerance-vertx/5.2.1/smallrye-fault-tolerance-vertx-5.2.1.jar:/Users/rob/.m2/repository/io/smallrye/reactive/smallrye-mutiny-vertx-web/2.14.1/smallrye-mutiny-vertx-web-2.14.1.jar:/Users/rob/.m2/repository/io/smallrye/reactive/smallrye-mutiny-vertx-web-common/2.14.1/smallrye-mutiny-vertx-web-common-2.14.1.jar:/Users/rob/.m2/repository/io/smallrye/reactive/smallrye-mutiny-vertx-auth-common/2.14.1/smallrye-mutiny-vertx-auth-common-2.14.1.jar:/Users/rob/.m2/repository/io/smallrye/reactive/smallrye-mutiny-vertx-bridge-common/2.14.1/smallrye-mutiny-vertx-bridge-common-2.14.1.jar:/Users/rob/.m2/repository/io/vertx/vertx-web/4.1.5/vertx-web-4.1.5.jar:/Users/rob/.m2/repository/io/vertx/vertx-web-common/4.1.5/vertx-web-common-4.1.5.jar:/Users/rob/.m2/repository/io/vertx/vertx-auth-common/4.1.5/vertx-auth-common-4.1.5.jar:/Users/rob/.m2/repository/io/vertx/vertx-bridge-common/4.1.5/vertx-bridge-common-4.1.5.jar:/Users/rob/.m2/repository/io/vertx/vertx-core/4.1.5/vertx-core-4.1.5.jar:/Users/rob/.m2/repository/io/netty/netty-common/4.1.68.Final/netty-common-4.1.68.Final.jar:/Users/rob/.m2/repository/io/netty/netty-handler-proxy/4.1.68.Final/netty-handler-proxy-4.1.68.Final.jar:/Users/rob/.m2/repository/io/netty/netty-codec-socks/4.1.68.Final/netty-codec-socks-4.1.68.Final.jar:/Users/rob/.m2/repository/io/netty/netty-resolver/4.1.68.Final/netty-resolver-4.1.68.Final.jar:/Users/rob/.m2/repository/io/netty/netty-resolver-dns/4.1.68.Final/netty-resolver-dns-4.1.68.Final.jar:/Users/rob/.m2/repository/io/netty/netty-codec-dns/4.1.68.Final/netty-codec-dns-4.1.68.Final.jar:/Users/rob/.m2/repository/io/quarkus/quarkus-resteasy-server-common/2.4.1.Final/quarkus-resteasy-server-common-2.4.1.Final.jar:/Users/rob/.m2/repository/io/quarkus/quarkus-resteasy-common/2.4.1.Final/quarkus-resteasy-common-2.4.1.Final.jar:/Users/rob/.m2/repository/org/jboss/resteasy/resteasy-core/4.7.0.Final/resteasy-core-4.7.0.Final.jar:/Users/rob/.m2/repository/org/jboss/spec/javax/ws/rs/jboss-jaxrs-api_2.1_spec/2.0.1.Final/jboss-jaxrs-api_2.1_spec-2.0.1.Final.jar:/Users/rob/.m2/repository/org/jboss/resteasy/resteasy-core-spi/4.7.0.Final/resteasy-core-spi-4.7.0.Final.jar:/Users/rob/.m2/repository/com/ibm/async/asyncutil/0.1.0/asyncutil-0.1.0.jar:/Users/rob/.m2/repository/io/quarkus/quarkus-smallrye-jwt/2.4.1.Final/quarkus-smallrye-jwt-2.4.1.Final.jar:/Users/rob/.m2/repository/io/smallrye/smallrye-jwt/3.3.0/smallrye-jwt-3.3.0.jar:/Users/rob/.m2/repository/org/eclipse/microprofile/config/microprofile-config-api/2.0/microprofile-config-api-2.0.jar:/Users/rob/.m2/repository/org/bitbucket/b_c/jose4j/0.7.9/jose4j-0.7.9.jar:/Users/rob/.m2/repository/io/smallrye/smallrye-jwt-common/3.3.0/smallrye-jwt-common-3.3.0.jar:/Users/rob/.m2/repository/jakarta/annotation/jakarta.annotation-api/1.3.5/jakarta.annotation-api-1.3.5.jar:/Users/rob/.m2/repository/io/quarkus/quarkus-reactive-routes/2.4.1.Final/quarkus-reactive-routes-2.4.1.Final.jar:/Users/rob/.m2/repository/io/smallrye/common/smallrye-common-annotation/1.6.0/smallrye-common-annotation-1.6.0.jar:/Users/rob/.m2/repository/io/quarkus/quarkus-security/2.4.1.Final/quarkus-security-2.4.1.Final.jar:/Users/rob/.m2/repository/io/quarkus/quarkus-smallrye-jwt-build/2.4.1.Final/quarkus-smallrye-jwt-build-2.4.1.Final.jar:/Users/rob/.m2/repository/io/smallrye/smallrye-jwt-build/3.3.0/smallrye-jwt-build-3.3.0.jar:/Users/rob/.m2/repository/io/quarkus/quarkus-jsonp/2.4.1.Final/quarkus-jsonp-2.4.1.Final.jar:/Users/rob/.m2/repository/org/glassfish/jakarta.json/1.1.6/jakarta.json-1.1.6.jar:/Users/rob/.m2/repository/io/quarkus/quarkus-smallrye-openapi/2.4.1.Final/quarkus-smallrye-openapi-2.4.1.Final.jar:/Users/rob/.m2/repository/io/smallrye/smallrye-open-api-core/2.1.15/smallrye-open-api-core-2.1.15.jar:/Users/rob/.m2/repository/com/fasterxml/jackson/core/jackson-core/2.12.5/jackson-core-2.12.5.jar:/Users/rob/.m2/repository/org/jboss/jandex/2.4.1.Final/jandex-2.4.1.Final.jar:/Users/rob/.m2/repository/io/quarkus/quarkus-swagger-ui/2.4.1.Final/quarkus-swagger-ui-2.4.1.Final.jar:/Users/rob/.m2/repository/io/quarkus/quarkus-smallrye-health/2.4.1.Final/quarkus-smallrye-health-2.4.1.Final.jar:/Users/rob/.m2/repository/io/smallrye/smallrye-health/3.1.2/smallrye-health-3.1.2.jar:/Users/rob/.m2/repository/org/eclipse/microprofile/health/microprofile-health-api/3.1/microprofile-health-api-3.1.jar:/Users/rob/.m2/repository/io/smallrye/smallrye-health-api/3.1.2/smallrye-health-api-3.1.2.jar:/Users/rob/.m2/repository/io/smallrye/smallrye-health-provided-checks/3.1.2/smallrye-health-provided-checks-3.1.2.jar:/Users/rob/.m2/repository/io/quarkus/quarkus-resteasy-jaxb/2.4.1.Final/quarkus-resteasy-jaxb-2.4.1.Final.jar:/Users/rob/.m2/repository/io/quarkus/quarkus-jaxb/2.4.1.Final/quarkus-jaxb-2.4.1.Final.jar:/Users/rob/.m2/repository/io/quarkus/quarkus-jaxp/2.4.1.Final/quarkus-jaxp-2.4.1.Final.jar:/Users/rob/.m2/repository/org/glassfish/jaxb/jaxb-runtime/2.3.3-b02/jaxb-runtime-2.3.3-b02.jar:/Users/rob/.m2/repository/org/glassfish/jaxb/txw2/2.3.3-b02/txw2-2.3.3-b02.jar:/Users/rob/.m2/repository/com/sun/istack/istack-commons-runtime/3.0.10/istack-commons-runtime-3.0.10.jar:/Users/rob/.m2/repository/org/jboss/resteasy/resteasy-jaxb-provider/4.7.0.Final/resteasy-jaxb-provider-4.7.0.Final.jar:/Users/rob/.m2/repository/org/jboss/spec/javax/xml/bind/jboss-jaxb-api_2.3_spec/2.0.0.Final/jboss-jaxb-api_2.3_spec-2.0.0.Final.jar:/Users/rob/.m2/repository/io/quarkus/quarkus-container-image-docker/2.4.1.Final/quarkus-container-image-docker-2.4.1.Final.jar:/Users/rob/.m2/repository/io/quarkus/quarkus-container-image/2.4.1.Final/quarkus-container-image-2.4.1.Final.jar:/Users/rob/.m2/repository/io/quarkus/quarkus-hibernate-validator/2.4.1.Final/quarkus-hibernate-validator-2.4.1.Final.jar:/Users/rob/.m2/repository/org/hibernate/validator/hibernate-validator/6.2.0.Final/hibernate-validator-6.2.0.Final.jar:/Users/rob/.m2/repository/com/fasterxml/classmate/1.5.1/classmate-1.5.1.jar:/Users/rob/.m2/repository/org/glassfish/jakarta.el/3.0.4/jakarta.el-3.0.4.jar:/Users/rob/.m2/repository/io/smallrye/config/smallrye-config-validator/2.5.1/smallrye-config-validator-2.5.1.jar:/Users/rob/.m2/repository/io/quarkus/quarkus-junit5/2.4.1.Final/quarkus-junit5-2.4.1.Final.jar:/Users/rob/.m2/repository/io/quarkus/quarkus-bootstrap-core/2.4.1.Final/quarkus-bootstrap-core-2.4.1.Final.jar:/Users/rob/.m2/repository/io/quarkus/quarkus-bootstrap-app-model/2.4.1.Final/quarkus-bootstrap-app-model-2.4.1.Final.jar:/Users/rob/.m2/repository/io/quarkus/quarkus-bootstrap-maven-resolver/2.4.1.Final/quarkus-bootstrap-maven-resolver-2.4.1.Final.jar:/Users/rob/.m2/repository/org/apache/maven/maven-embedder/3.8.1/maven-embedder-3.8.1.jar:/Users/rob/.m2/repository/org/apache/maven/maven-settings/3.8.1/maven-settings-3.8.1.jar:/Users/rob/.m2/repository/org/apache/maven/maven-core/3.8.1/maven-core-3.8.1.jar:/Users/rob/.m2/repository/org/apache/maven/maven-artifact/3.8.1/maven-artifact-3.8.1.jar:/Users/rob/.m2/repository/org/codehaus/plexus/plexus-component-annotations/2.1.0/plexus-component-annotations-2.1.0.jar:/Users/rob/.m2/repository/org/apache/maven/maven-plugin-api/3.8.1/maven-plugin-api-3.8.1.jar:/Users/rob/.m2/repository/org/apache/maven/maven-model/3.8.1/maven-model-3.8.1.jar:/Users/rob/.m2/repository/org/apache/maven/maven-model-builder/3.8.1/maven-model-builder-3.8.1.jar:/Users/rob/.m2/repository/org/apache/maven/maven-builder-support/3.8.1/maven-builder-support-3.8.1.jar:/Users/rob/.m2/repository/org/apache/maven/resolver/maven-resolver-api/1.6.2/maven-resolver-api-1.6.2.jar:/Users/rob/.m2/repository/org/apache/maven/resolver/maven-resolver-util/1.6.2/maven-resolver-util-1.6.2.jar:/Users/rob/.m2/repository/org/apache/maven/shared/maven-shared-utils/3.3.3/maven-shared-utils-3.3.3.jar:/Users/rob/.m2/repository/com/google/inject/guice/4.2.1/guice-4.2.1-no_aop.jar:/Users/rob/.m2/repository/org/codehaus/plexus/plexus-utils/3.2.1/plexus-utils-3.2.1.jar:/Users/rob/.m2/repository/org/codehaus/plexus/plexus-classworlds/2.6.0/plexus-classworlds-2.6.0.jar:/Users/rob/.m2/repository/org/eclipse/sisu/org.eclipse.sisu.plexus/0.3.4/org.eclipse.sisu.plexus-0.3.4.jar:/Users/rob/.m2/repository/org/apache/maven/maven-settings-builder/3.8.1/maven-settings-builder-3.8.1.jar:/Users/rob/.m2/repository/org/codehaus/plexus/plexus-interpolation/1.25/plexus-interpolation-1.25.jar:/Users/rob/.m2/repository/org/sonatype/plexus/plexus-sec-dispatcher/1.4/plexus-sec-dispatcher-1.4.jar:/Users/rob/.m2/repository/org/sonatype/plexus/plexus-cipher/1.4/plexus-cipher-1.4.jar:/Users/rob/.m2/repository/org/apache/maven/maven-resolver-provider/3.8.1/maven-resolver-provider-3.8.1.jar:/Users/rob/.m2/repository/org/apache/maven/maven-repository-metadata/3.8.1/maven-repository-metadata-3.8.1.jar:/Users/rob/.m2/repository/org/apache/maven/resolver/maven-resolver-spi/1.6.2/maven-resolver-spi-1.6.2.jar:/Users/rob/.m2/repository/org/apache/maven/resolver/maven-resolver-impl/1.6.2/maven-resolver-impl-1.6.2.jar:/Users/rob/.m2/repository/org/apache/maven/resolver/maven-resolver-connector-basic/1.6.2/maven-resolver-connector-basic-1.6.2.jar:/Users/rob/.m2/repository/org/apache/maven/resolver/maven-resolver-transport-wagon/1.6.2/maven-resolver-transport-wagon-1.6.2.jar:/Users/rob/.m2/repository/org/apache/maven/wagon/wagon-http/3.4.3/wagon-http-3.4.3.jar:/Users/rob/.m2/repository/org/apache/maven/wagon/wagon-http-shared/3.4.3/wagon-http-shared-3.4.3.jar:/Users/rob/.m2/repository/org/jsoup/jsoup/1.12.1/jsoup-1.12.1.jar:/Users/rob/.m2/repository/org/apache/maven/wagon/wagon-provider-api/3.4.3/wagon-provider-api-3.4.3.jar:/Users/rob/.m2/repository/org/apache/maven/wagon/wagon-file/3.4.3/wagon-file-3.4.3.jar:/Users/rob/.m2/repository/io/quarkus/quarkus-bootstrap-gradle-resolver/2.4.1.Final/quarkus-bootstrap-gradle-resolver-2.4.1.Final.jar:/Users/rob/.m2/repository/io/smallrye/common/smallrye-common-io/1.6.0/smallrye-common-io-1.6.0.jar:/Users/rob/.m2/repository/org/eclipse/sisu/org.eclipse.sisu.inject/0.3.4/org.eclipse.sisu.inject-0.3.4.jar:/Users/rob/.m2/repository/io/quarkus/quarkus-test-common/2.4.1.Final/quarkus-test-common-2.4.1.Final.jar:/Users/rob/.m2/repository/io/quarkus/quarkus-core-deployment/2.4.1.Final/quarkus-core-deployment-2.4.1.Final.jar:/Users/rob/.m2/repository/org/aesh/readline/2.1/readline-2.1.jar:/Users/rob/.m2/repository/org/fusesource/jansi/jansi/1.18/jansi-1.18.jar:/Users/rob/.m2/repository/io/quarkus/gizmo/gizmo/1.0.9.Final/gizmo-1.0.9.Final.jar:/Users/rob/.m2/repository/org/ow2/asm/asm-util/9.1/asm-util-9.1.jar:/Users/rob/.m2/repository/io/quarkus/quarkus-class-change-agent/2.4.1.Final/quarkus-class-change-agent-2.4.1.Final.jar:/Users/rob/.m2/repository/io/quarkus/quarkus-devtools-utilities/2.4.1.Final/quarkus-devtools-utilities-2.4.1.Final.jar:/Users/rob/.m2/repository/io/quarkus/quarkus-builder/2.4.1.Final/quarkus-builder-2.4.1.Final.jar:/Users/rob/.m2/repository/org/junit/platform/junit-platform-launcher/1.8.1/junit-platform-launcher-1.8.1.jar:/Users/rob/.m2/repository/io/quarkus/quarkus-jsonp-deployment/2.4.1.Final/quarkus-jsonp-deployment-2.4.1.Final.jar:/Users/rob/.m2/repository/org/jboss/logging/commons-logging-jboss-logging/1.0.0.Final/commons-logging-jboss-logging-1.0.0.Final.jar:/Users/rob/.m2/repository/org/junit/jupiter/junit-jupiter/5.8.1/junit-jupiter-5.8.1.jar:/Users/rob/.m2/repository/org/junit/jupiter/junit-jupiter-api/5.8.1/junit-jupiter-api-5.8.1.jar:/Users/rob/.m2/repository/org/opentest4j/opentest4j/1.2.0/opentest4j-1.2.0.jar:/Users/rob/.m2/repository/org/junit/platform/junit-platform-commons/1.8.1/junit-platform-commons-1.8.1.jar:/Users/rob/.m2/repository/org/apiguardian/apiguardian-api/1.1.2/apiguardian-api-1.1.2.jar:/Users/rob/.m2/repository/org/junit/jupiter/junit-jupiter-params/5.8.1/junit-jupiter-params-5.8.1.jar:/Users/rob/.m2/repository/org/junit/jupiter/junit-jupiter-engine/5.8.1/junit-jupiter-engine-5.8.1.jar:/Users/rob/.m2/repository/org/junit/platform/junit-platform-engine/1.8.1/junit-platform-engine-1.8.1.jar:/Users/rob/.m2/repository/com/thoughtworks/xstream/xstream/1.4.18/xstream-1.4.18.jar:/Users/rob/.m2/repository/io/github/x-stream/mxparser/1.2.2/mxparser-1.2.2.jar:/Users/rob/.m2/repository/xmlpull/xmlpull/1.1.3.1/xmlpull-1.1.3.1.jar:/Users/rob/.m2/repository/io/quarkus/quarkus-junit5-mockito/2.4.1.Final/quarkus-junit5-mockito-2.4.1.Final.jar:/Users/rob/.m2/repository/io/quarkus/quarkus-arc-deployment/2.4.1.Final/quarkus-arc-deployment-2.4.1.Final.jar:/Users/rob/.m2/repository/io/quarkus/quarkus-vertx-http-dev-console-spi/2.4.1.Final/quarkus-vertx-http-dev-console-spi-2.4.1.Final.jar:/Users/rob/.m2/repository/io/quarkus/arc/arc-processor/2.4.1.Final/arc-processor-2.4.1.Final.jar:/Users/rob/.m2/repository/org/mockito/mockito-core/3.12.4/mockito-core-3.12.4.jar:/Users/rob/.m2/repository/net/bytebuddy/byte-buddy/1.11.13/byte-buddy-1.11.13.jar:/Users/rob/.m2/repository/net/bytebuddy/byte-buddy-agent/1.11.13/byte-buddy-agent-1.11.13.jar:/Users/rob/.m2/repository/org/objenesis/objenesis/3.2/objenesis-3.2.jar:/Users/rob/.m2/repository/io/quarkus/quarkus-mutiny/2.4.1.Final/quarkus-mutiny-2.4.1.Final.jar:/Users/rob/.m2/repository/io/smallrye/reactive/mutiny/1.1.2/mutiny-1.1.2.jar:/Users/rob/.m2/repository/org/reactivestreams/reactive-streams/1.0.3/reactive-streams-1.0.3.jar:/Users/rob/.m2/repository/io/quarkus/quarkus-smallrye-context-propagation/2.4.1.Final/quarkus-smallrye-context-propagation-2.4.1.Final.jar:/Users/rob/.m2/repository/io/smallrye/smallrye-context-propagation/1.2.2/smallrye-context-propagation-1.2.2.jar:/Users/rob/.m2/repository/io/smallrye/smallrye-context-propagation-api/1.2.2/smallrye-context-propagation-api-1.2.2.jar:/Users/rob/.m2/repository/io/smallrye/smallrye-context-propagation-storage/1.2.2/smallrye-context-propagation-storage-1.2.2.jar:/Users/rob/.m2/repository/io/smallrye/reactive/mutiny-smallrye-context-propagation/1.1.2/mutiny-smallrye-context-propagation-1.1.2.jar:/Users/rob/.m2/repository/io/quarkus/quarkus-test-security-jwt/2.4.1.Final/quarkus-test-security-jwt-2.4.1.Final.jar:/Users/rob/.m2/repository/io/quarkus/quarkus-test-security/2.4.1.Final/quarkus-test-security-2.4.1.Final.jar:/Users/rob/.m2/repository/org/eclipse/microprofile/jwt/microprofile-jwt-auth-api/1.2/microprofile-jwt-auth-api-1.2.jar:/Users/rob/.m2/repository/io/rest-assured/rest-assured/4.4.0/rest-assured-4.4.0.jar:/Users/rob/.m2/repository/org/codehaus/groovy/groovy/3.0.8/groovy-3.0.8.jar:/Users/rob/.m2/repository/org/codehaus/groovy/groovy-xml/3.0.8/groovy-xml-3.0.8.jar:/Users/rob/.m2/repository/org/apache/httpcomponents/httpclient/4.5.13/httpclient-4.5.13.jar:/Users/rob/.m2/repository/org/apache/httpcomponents/httpcore/4.4.14/httpcore-4.4.14.jar:/Users/rob/.m2/repository/commons-codec/commons-codec/1.15/commons-codec-1.15.jar:/Users/rob/.m2/repository/org/apache/httpcomponents/httpmime/4.5.13/httpmime-4.5.13.jar:/Users/rob/.m2/repository/org/hamcrest/hamcrest/2.1/hamcrest-2.1.jar:/Users/rob/.m2/repository/org/ccil/cowan/tagsoup/tagsoup/1.2.1/tagsoup-1.2.1.jar:/Users/rob/.m2/repository/io/rest-assured/json-path/4.4.0/json-path-4.4.0.jar:/Users/rob/.m2/repository/org/codehaus/groovy/groovy-json/3.0.8/groovy-json-3.0.8.jar:/Users/rob/.m2/repository/io/rest-assured/rest-assured-common/4.4.0/rest-assured-common-4.4.0.jar:/Users/rob/.m2/repository/io/rest-assured/xml-path/4.4.0/xml-path-4.4.0.jar:/Users/rob/.m2/repository/org/apache/commons/commons-lang3/3.12.0/commons-lang3-3.12.0.jar:/Users/rob/.m2/repository/io/quarkus/quarkus-jacoco/2.4.1.Final/quarkus-jacoco-2.4.1.Final.jar:/Users/rob/.m2/repository/org/jacoco/org.jacoco.core/0.8.7/org.jacoco.core-0.8.7.jar:/Users/rob/.m2/repository/org/ow2/asm/asm/9.2/asm-9.2.jar:/Users/rob/.m2/repository/org/ow2/asm/asm-tree/9.2/asm-tree-9.2.jar:/Users/rob/.m2/repository/org/jacoco/org.jacoco.report/0.8.7/org.jacoco.report-0.8.7.jar:/Users/rob/.m2/repository/org/jacoco/org.jacoco.agent/0.8.7/org.jacoco.agent-0.8.7.jar:/Users/rob/.m2/repository/org/jacoco/org.jacoco.agent/0.8.7/org.jacoco.agent-0.8.7-runtime.jar:/Users/rob/.m2/repository/org/ow2/asm/asm-commons/9.2/asm-commons-9.2.jar:/Users/rob/.m2/repository/org/ow2/asm/asm-analysis/9.2/asm-analysis-9.2.jar:/Users/rob/.m2/repository/com/openpojo/openpojo/0.9.1/openpojo-0.9.1.jar:"/>
    <property name="java.vm.vendor" value="GraalVM Community"/>
    <property name="sun.arch.data.model" value="64"/>
    <property name="java.vendor.url" value="https://www.graalvm.org/"/>
    <property name="user.timezone" value="Europe/Amsterdam"/>
    <property name="java.vm.specification.version" value="11"/>
    <property name="os.name" value="Mac OS X"/>
    <property name="sun.java.launcher" value="SUN_STANDARD"/>
    <property name="user.country" value="NL"/>
    <property name="mp.openapi.extensions.smallrye.defaultProduces" value="application/json"/>
    <property name="sun.boot.library.path" value="/Library/Java/JavaVirtualMachines/graalvm-ce-java11-20.3.0/Contents/Home/lib"/>
    <property name="sun.java.command" value="/Users/rob/Code/CoMPAS/compas-scl-auto-alignment/app/target/surefire/surefirebooter10715717948075375982.jar /Users/rob/Code/CoMPAS/compas-scl-auto-alignment/app/target/surefire 2021-11-24T23-58-54_862-jvmRun1 surefire2915142551340876774tmp surefire_08291766529261555383tmp"/>
    <property name="http.nonProxyHosts" value="local|*.local|169.254/16|*.169.254/16"/>
    <property name="jdk.debug" value="release"/>
    <property name="maven.home" value="/usr/local/Cellar/maven/3.8.1/libexec"/>
    <property name="surefire.test.class.path" value="/Users/rob/Code/CoMPAS/compas-scl-auto-alignment/app/target/test-classes:/Users/rob/Code/CoMPAS/compas-scl-auto-alignment/app/target/classes:/Users/rob/Code/CoMPAS/compas-scl-auto-alignment/service/target/service-local-SNAPSHOT.jar:/Users/rob/.m2/repository/com/powsybl/powsybl-cgmes-conversion/4.5.0/powsybl-cgmes-conversion-4.5.0.jar:/Users/rob/.m2/repository/com/powsybl/powsybl-cgmes-extensions/4.5.0/powsybl-cgmes-extensions-4.5.0.jar:/Users/rob/.m2/repository/com/powsybl/powsybl-cgmes-model/4.5.0/powsybl-cgmes-model-4.5.0.jar:/Users/rob/.m2/repository/joda-time/joda-time/2.10.6/joda-time-2.10.6.jar:/Users/rob/.m2/repository/com/powsybl/powsybl-iidm-api/4.5.0/powsybl-iidm-api-4.5.0.jar:/Users/rob/.m2/repository/org/anarres/graphviz/graphviz-builder/1.0.11/graphviz-builder-1.0.11.jar:/Users/rob/.m2/repository/com/google/code/findbugs/annotations/3.0.1/annotations-3.0.1.jar:/Users/rob/.m2/repository/net/jcip/jcip-annotations/1.0/jcip-annotations-1.0.jar:/Users/rob/.m2/repository/org/apache/commons/commons-math3/3.6.1/commons-math3-3.6.1.jar:/Users/rob/.m2/repository/com/powsybl/powsybl-commons/4.5.0/powsybl-commons-4.5.0.jar:/Users/rob/.m2/repository/commons-cli/commons-cli/1.4/commons-cli-1.4.jar:/Users/rob/.m2/repository/com/univocity/univocity-parsers/2.8.3/univocity-parsers-2.8.3.jar:/Users/rob/.m2/repository/net/sf/trove4j/trove4j/3.0.3/trove4j-3.0.3.jar:/Users/rob/.m2/repository/org/apache/commons/commons-compress/1.21/commons-compress-1.21.jar:/Users/rob/.m2/repository/org/apache/commons/commons-text/1.9/commons-text-1.9.jar:/Users/rob/.m2/repository/org/ow2/sirocco/sirocco-text-table-formatter/1.0/sirocco-text-table-formatter-1.0.jar:/Users/rob/.m2/repository/com/powsybl/powsybl-math/4.5.0/powsybl-math-4.5.0.jar:/Users/rob/.m2/repository/gov/nist/math/jama/1.0.3/jama-1.0.3.jar:/Users/rob/.m2/repository/org/scijava/native-lib-loader/2.3.4/native-lib-loader-2.3.4.jar:/Users/rob/.m2/repository/com/powsybl/powsybl-math-native/1.0.4/powsybl-math-native-1.0.4.jar:/Users/rob/.m2/repository/com/powsybl/powsybl-iidm-converter-api/4.5.0/powsybl-iidm-converter-api-4.5.0.jar:/Users/rob/.m2/repository/com/google/auto/service/auto-service/1.0-rc2/auto-service-1.0-rc2.jar:/Users/rob/.m2/repository/com/google/auto/auto-common/0.3/auto-common-0.3.jar:/Users/rob/.m2/repository/com/powsybl/powsybl-computation/4.5.0/powsybl-computation-4.5.0.jar:/Users/rob/.m2/repository/com/powsybl/powsybl-computation-local/4.5.0/powsybl-computation-local-4.5.0.jar:/Users/rob/.m2/repository/com/powsybl/powsybl-tools/4.5.0/powsybl-tools-4.5.0.jar:/Users/rob/.m2/repository/org/antlr/stringtemplate/4.0.2/stringtemplate-4.0.2.jar:/Users/rob/.m2/repository/org/antlr/antlr-runtime/3.5.2/antlr-runtime-3.5.2.jar:/Users/rob/.m2/repository/com/powsybl/powsybl-iidm-xml-converter/4.5.0/powsybl-iidm-xml-converter-4.5.0.jar:/Users/rob/.m2/repository/net/java/dev/stax-utils/stax-utils/20070216/stax-utils-20070216.jar:/Users/rob/.m2/repository/com/powsybl/powsybl-iidm-extensions/4.5.0/powsybl-iidm-extensions-4.5.0.jar:/Users/rob/.m2/repository/com/google/guava/guava/30.1.1-jre/guava-30.1.1-jre.jar:/Users/rob/.m2/repository/com/google/guava/failureaccess/1.0.1/failureaccess-1.0.1.jar:/Users/rob/.m2/repository/com/google/guava/listenablefuture/9999.0-empty-to-avoid-conflict-with-guava/listenablefuture-9999.0-empty-to-avoid-conflict-with-guava.jar:/Users/rob/.m2/repository/com/google/code/findbugs/jsr305/3.0.2/jsr305-3.0.2.jar:/Users/rob/.m2/repository/org/checkerframework/checker-qual/2.5.2/checker-qual-2.5.2.jar:/Users/rob/.m2/repository/com/google/errorprone/error_prone_annotations/2.2.0/error_prone_annotations-2.2.0.jar:/Users/rob/.m2/repository/com/google/j2objc/j2objc-annotations/1.3/j2objc-annotations-1.3.jar:/Users/rob/.m2/repository/org/apache/servicemix/bundles/org.apache.servicemix.bundles.gdata/1.41.1_1/org.apache.servicemix.bundles.gdata-1.41.1_1.jar:/Users/rob/.m2/repository/org/jgrapht/jgrapht-core/1.4.0/jgrapht-core-1.4.0.jar:/Users/rob/.m2/repository/org/jheaps/jheaps/0.11/jheaps-0.11.jar:/Users/rob/.m2/repository/com/powsybl/powsybl-triple-store-impl-rdf4j/4.5.0/powsybl-triple-store-impl-rdf4j-4.5.0.jar:/Users/rob/.m2/repository/org/eclipse/rdf4j/rdf4j-rio-rdfxml/3.3.0/rdf4j-rio-rdfxml-3.3.0.jar:/Users/rob/.m2/repository/org/eclipse/rdf4j/rdf4j-model/3.3.0/rdf4j-model-3.3.0.jar:/Users/rob/.m2/repository/org/eclipse/rdf4j/rdf4j-rio-api/3.3.0/rdf4j-rio-api-3.3.0.jar:/Users/rob/.m2/repository/javax/xml/bind/jaxb-api/2.3.1/jaxb-api-2.3.1.jar:/Users/rob/.m2/repository/javax/activation/javax.activation-api/1.2.0/javax.activation-api-1.2.0.jar:/Users/rob/.m2/repository/com/github/jsonld-java/jsonld-java/0.13.0/jsonld-java-0.13.0.jar:/Users/rob/.m2/repository/org/apache/httpcomponents/httpclient-osgi/4.5.10/httpclient-osgi-4.5.10.jar:/Users/rob/.m2/repository/org/apache/httpcomponents/httpclient-cache/4.5.13/httpclient-cache-4.5.13.jar:/Users/rob/.m2/repository/org/apache/httpcomponents/fluent-hc/4.5.10/fluent-hc-4.5.10.jar:/Users/rob/.m2/repository/org/apache/httpcomponents/httpcore-osgi/4.4.12/httpcore-osgi-4.4.12.jar:/Users/rob/.m2/repository/org/apache/httpcomponents/httpcore-nio/4.4.14/httpcore-nio-4.4.14.jar:/Users/rob/.m2/repository/org/eclipse/rdf4j/rdf4j-rio-datatypes/3.3.0/rdf4j-rio-datatypes-3.3.0.jar:/Users/rob/.m2/repository/org/eclipse/rdf4j/rdf4j-rio-languages/3.3.0/rdf4j-rio-languages-3.3.0.jar:/Users/rob/.m2/repository/org/eclipse/rdf4j/rdf4j-util/3.3.0/rdf4j-util-3.3.0.jar:/Users/rob/.m2/repository/org/eclipse/rdf4j/rdf4j-repository-sail/3.3.0/rdf4j-repository-sail-3.3.0.jar:/Users/rob/.m2/repository/org/eclipse/rdf4j/rdf4j-repository-api/3.3.0/rdf4j-repository-api-3.3.0.jar:/Users/rob/.m2/repository/org/eclipse/rdf4j/rdf4j-sail-api/3.3.0/rdf4j-sail-api-3.3.0.jar:/Users/rob/.m2/repository/org/eclipse/rdf4j/rdf4j-http-client/3.3.0/rdf4j-http-client-3.3.0.jar:/Users/rob/.m2/repository/org/eclipse/rdf4j/rdf4j-http-protocol/3.3.0/rdf4j-http-protocol-3.3.0.jar:/Users/rob/.m2/repository/org/eclipse/rdf4j/rdf4j-rio-ntriples/3.3.0/rdf4j-rio-ntriples-3.3.0.jar:/Users/rob/.m2/repository/org/eclipse/rdf4j/rdf4j-queryresultio-api/3.3.0/rdf4j-queryresultio-api-3.3.0.jar:/Users/rob/.m2/repository/org/eclipse/rdf4j/rdf4j-queryresultio-binary/3.3.0/rdf4j-queryresultio-binary-3.3.0.jar:/Users/rob/.m2/repository/org/eclipse/rdf4j/rdf4j-queryresultio-sparqlxml/3.3.0/rdf4j-queryresultio-sparqlxml-3.3.0.jar:/Users/rob/.m2/repository/org/slf4j/jcl-over-slf4j/1.7.30/jcl-over-slf4j-1.7.30.jar:/Users/rob/.m2/repository/org/eclipse/rdf4j/rdf4j-queryparser-api/3.3.0/rdf4j-queryparser-api-3.3.0.jar:/Users/rob/.m2/repository/org/eclipse/rdf4j/rdf4j-queryalgebra-model/3.3.0/rdf4j-queryalgebra-model-3.3.0.jar:/Users/rob/.m2/repository/org/eclipse/rdf4j/rdf4j-query/3.3.0/rdf4j-query-3.3.0.jar:/Users/rob/.m2/repository/org/eclipse/rdf4j/rdf4j-queryalgebra-evaluation/3.3.0/rdf4j-queryalgebra-evaluation-3.3.0.jar:/Users/rob/.m2/repository/org/eclipse/rdf4j/rdf4j-repository-sparql/3.3.0/rdf4j-repository-sparql-3.3.0.jar:/Users/rob/.m2/repository/org/eclipse/rdf4j/rdf4j-queryparser-sparql/3.3.0/rdf4j-queryparser-sparql-3.3.0.jar:/Users/rob/.m2/repository/org/eclipse/rdf4j/rdf4j-rio-trig/3.3.0/rdf4j-rio-trig-3.3.0.jar:/Users/rob/.m2/repository/org/mapdb/mapdb/1.0.8/mapdb-1.0.8.jar:/Users/rob/.m2/repository/org/eclipse/rdf4j/rdf4j-rio-turtle/3.3.0/rdf4j-rio-turtle-3.3.0.jar:/Users/rob/.m2/repository/org/eclipse/rdf4j/rdf4j-sail-memory/3.3.0/rdf4j-sail-memory-3.3.0.jar:/Users/rob/.m2/repository/org/eclipse/rdf4j/rdf4j-sail-base/3.3.0/rdf4j-sail-base-3.3.0.jar:/Users/rob/.m2/repository/com/powsybl/powsybl-triple-store-api/4.5.0/powsybl-triple-store-api-4.5.0.jar:/Users/rob/.m2/repository/org/mapstruct/mapstruct/1.4.2.Final/mapstruct-1.4.2.Final.jar:/Users/rob/.m2/repository/commons-io/commons-io/2.11.0/commons-io-2.11.0.jar:/Users/rob/.m2/repository/jakarta/enterprise/jakarta.enterprise.cdi-api/2.0.2/jakarta.enterprise.cdi-api-2.0.2.jar:/Users/rob/.m2/repository/jakarta/el/jakarta.el-api/3.0.3/jakarta.el-api-3.0.3.jar:/Users/rob/.m2/repository/jakarta/interceptor/jakarta.interceptor-api/1.2.5/jakarta.interceptor-api-1.2.5.jar:/Users/rob/.m2/repository/jakarta/inject/jakarta.inject-api/1.0/jakarta.inject-api-1.0.jar:/Users/rob/.m2/repository/org/eclipse/microprofile/openapi/microprofile-openapi-api/2.0/microprofile-openapi-api-2.0.jar:/Users/rob/.m2/repository/org/slf4j/slf4j-api/1.7.32/slf4j-api-1.7.32.jar:/Users/rob/.m2/repository/org/lfenergy/compas/core/scl2007b4/0.6.0/scl2007b4-0.6.0.jar:/Users/rob/.m2/repository/org/lfenergy/compas/core/commons/0.6.0/commons-0.6.0.jar:/Users/rob/.m2/repository/jakarta/validation/jakarta.validation-api/2.0.2/jakarta.validation-api-2.0.2.jar:/Users/rob/.m2/repository/com/fasterxml/jackson/core/jackson-databind/2.12.5/jackson-databind-2.12.5.jar:/Users/rob/.m2/repository/com/fasterxml/jackson/core/jackson-annotations/2.12.5/jackson-annotations-2.12.5.jar:/Users/rob/.m2/repository/com/fasterxml/jackson/dataformat/jackson-dataformat-yaml/2.12.5/jackson-dataformat-yaml-2.12.5.jar:/Users/rob/.m2/repository/org/yaml/snakeyaml/1.29/snakeyaml-1.29.jar:/Users/rob/.m2/repository/org/lfenergy/compas/core/scl-extension/0.6.0/scl-extension-0.6.0.jar:/Users/rob/.m2/repository/org/lfenergy/compas/xsd/compas-scl-xsd/0.0.4/compas-scl-xsd-0.0.4.jar:/Users/rob/.m2/repository/jakarta/xml/bind/jakarta.xml.bind-api/2.3.3/jakarta.xml.bind-api-2.3.3.jar:/Users/rob/.m2/repository/jakarta/activation/jakarta.activation-api/1.2.1/jakarta.activation-api-1.2.1.jar:/Users/rob/.m2/repository/com/sun/xml/bind/jaxb-impl/2.3.3/jaxb-impl-2.3.3.jar:/Users/rob/.m2/repository/com/sun/activation/jakarta.activation/1.2.1/jakarta.activation-1.2.1.jar:/Users/rob/.m2/repository/org/lfenergy/compas/core/jaxrs-commons/0.6.0/jaxrs-commons-0.6.0.jar:/Users/rob/.m2/repository/javax/ws/rs/javax.ws.rs-api/2.1.1/javax.ws.rs-api-2.1.1.jar:/Users/rob/.m2/repository/io/quarkus/quarkus-arc/2.4.1.Final/quarkus-arc-2.4.1.Final.jar:/Users/rob/.m2/repository/io/quarkus/arc/arc/2.4.1.Final/arc-2.4.1.Final.jar:/Users/rob/.m2/repository/jakarta/transaction/jakarta.transaction-api/1.3.3/jakarta.transaction-api-1.3.3.jar:/Users/rob/.m2/repository/org/jboss/logging/jboss-logging/3.4.2.Final/jboss-logging-3.4.2.Final.jar:/Users/rob/.m2/repository/io/quarkus/quarkus-core/2.4.1.Final/quarkus-core-2.4.1.Final.jar:/Users/rob/.m2/repository/io/quarkus/quarkus-ide-launcher/2.4.1.Final/quarkus-ide-launcher-2.4.1.Final.jar:/Users/rob/.m2/repository/io/quarkus/quarkus-development-mode-spi/2.4.1.Final/quarkus-development-mode-spi-2.4.1.Final.jar:/Users/rob/.m2/repository/io/smallrye/config/smallrye-config/2.5.1/smallrye-config-2.5.1.jar:/Users/rob/.m2/repository/io/smallrye/config/smallrye-config-core/2.5.1/smallrye-config-core-2.5.1.jar:/Users/rob/.m2/repository/io/smallrye/common/smallrye-common-expression/1.6.0/smallrye-common-expression-1.6.0.jar:/Users/rob/.m2/repository/io/smallrye/common/smallrye-common-function/1.6.0/smallrye-common-function-1.6.0.jar:/Users/rob/.m2/repository/io/smallrye/common/smallrye-common-constraint/1.6.0/smallrye-common-constraint-1.6.0.jar:/Users/rob/.m2/repository/io/smallrye/common/smallrye-common-classloader/1.6.0/smallrye-common-classloader-1.6.0.jar:/Users/rob/.m2/repository/io/smallrye/config/smallrye-config-common/2.5.1/smallrye-config-common-2.5.1.jar:/Users/rob/.m2/repository/org/jboss/logmanager/jboss-logmanager-embedded/1.0.9/jboss-logmanager-embedded-1.0.9.jar:/Users/rob/.m2/repository/org/jboss/logging/jboss-logging-annotations/2.2.1.Final/jboss-logging-annotations-2.2.1.Final.jar:/Users/rob/.m2/repository/org/jboss/threads/jboss-threads/3.4.2.Final/jboss-threads-3.4.2.Final.jar:/Users/rob/.m2/repository/org/jboss/slf4j/slf4j-jboss-logmanager/1.1.0.Final/slf4j-jboss-logmanager-1.1.0.Final.jar:/Users/rob/.m2/repository/org/graalvm/sdk/graal-sdk/21.2.0/graal-sdk-21.2.0.jar:/Users/rob/.m2/repository/org/wildfly/common/wildfly-common/1.5.4.Final-format-001/wildfly-common-1.5.4.Final-format-001.jar:/Users/rob/.m2/repository/io/quarkus/quarkus-bootstrap-runner/2.4.1.Final/quarkus-bootstrap-runner-2.4.1.Final.jar:/Users/rob/.m2/repository/org/eclipse/microprofile/context-propagation/microprofile-context-propagation-api/1.2/microprofile-context-propagation-api-1.2.jar:/Users/rob/.m2/repository/io/quarkus/quarkus-resteasy/2.4.1.Final/quarkus-resteasy-2.4.1.Final.jar:/Users/rob/.m2/repository/io/quarkus/quarkus-vertx-http/2.4.1.Final/quarkus-vertx-http-2.4.1.Final.jar:/Users/rob/.m2/repository/io/quarkus/quarkus-security-runtime-spi/2.4.1.Final/quarkus-security-runtime-spi-2.4.1.Final.jar:/Users/rob/.m2/repository/io/quarkus/quarkus-vertx-http-dev-console-runtime-spi/2.4.1.Final/quarkus-vertx-http-dev-console-runtime-spi-2.4.1.Final.jar:/Users/rob/.m2/repository/io/quarkus/security/quarkus-security/1.1.4.Final/quarkus-security-1.1.4.Final.jar:/Users/rob/.m2/repository/io/quarkus/quarkus-vertx/2.4.1.Final/quarkus-vertx-2.4.1.Final.jar:/Users/rob/.m2/repository/io/quarkus/quarkus-netty/2.4.1.Final/quarkus-netty-2.4.1.Final.jar:/Users/rob/.m2/repository/io/netty/netty-codec/4.1.68.Final/netty-codec-4.1.68.Final.jar:/Users/rob/.m2/repository/io/netty/netty-codec-http/4.1.68.Final/netty-codec-http-4.1.68.Final.jar:/Users/rob/.m2/repository/io/netty/netty-codec-http2/4.1.68.Final/netty-codec-http2-4.1.68.Final.jar:/Users/rob/.m2/repository/io/netty/netty-handler/4.1.68.Final/netty-handler-4.1.68.Final.jar:/Users/rob/.m2/repository/io/netty/netty-codec-haproxy/4.1.68.Final/netty-codec-haproxy-4.1.68.Final.jar:/Users/rob/.m2/repository/io/netty/netty-buffer/4.1.68.Final/netty-buffer-4.1.68.Final.jar:/Users/rob/.m2/repository/io/netty/netty-transport/4.1.68.Final/netty-transport-4.1.68.Final.jar:/Users/rob/.m2/repository/io/quarkus/quarkus-jackson/2.4.1.Final/quarkus-jackson-2.4.1.Final.jar:/Users/rob/.m2/repository/com/fasterxml/jackson/datatype/jackson-datatype-jsr310/2.12.5/jackson-datatype-jsr310-2.12.5.jar:/Users/rob/.m2/repository/com/fasterxml/jackson/datatype/jackson-datatype-jdk8/2.12.5/jackson-datatype-jdk8-2.12.5.jar:/Users/rob/.m2/repository/com/fasterxml/jackson/module/jackson-module-parameter-names/2.12.5/jackson-module-parameter-names-2.12.5.jar:/Users/rob/.m2/repository/io/smallrye/reactive/smallrye-mutiny-vertx-core/2.14.1/smallrye-mutiny-vertx-core-2.14.1.jar:/Users/rob/.m2/repository/io/smallrye/reactive/smallrye-mutiny-vertx-runtime/2.14.1/smallrye-mutiny-vertx-runtime-2.14.1.jar:/Users/rob/.m2/repository/io/smallrye/reactive/vertx-mutiny-generator/2.14.1/vertx-mutiny-generator-2.14.1.jar:/Users/rob/.m2/repository/io/vertx/vertx-codegen/4.1.5/vertx-codegen-4.1.5.jar:/Users/rob/.m2/repository/io/smallrye/smallrye-fault-tolerance-vertx/5.2.1/smallrye-fault-tolerance-vertx-5.2.1.jar:/Users/rob/.m2/repository/io/smallrye/reactive/smallrye-mutiny-vertx-web/2.14.1/smallrye-mutiny-vertx-web-2.14.1.jar:/Users/rob/.m2/repository/io/smallrye/reactive/smallrye-mutiny-vertx-web-common/2.14.1/smallrye-mutiny-vertx-web-common-2.14.1.jar:/Users/rob/.m2/repository/io/smallrye/reactive/smallrye-mutiny-vertx-auth-common/2.14.1/smallrye-mutiny-vertx-auth-common-2.14.1.jar:/Users/rob/.m2/repository/io/smallrye/reactive/smallrye-mutiny-vertx-bridge-common/2.14.1/smallrye-mutiny-vertx-bridge-common-2.14.1.jar:/Users/rob/.m2/repository/io/vertx/vertx-web/4.1.5/vertx-web-4.1.5.jar:/Users/rob/.m2/repository/io/vertx/vertx-web-common/4.1.5/vertx-web-common-4.1.5.jar:/Users/rob/.m2/repository/io/vertx/vertx-auth-common/4.1.5/vertx-auth-common-4.1.5.jar:/Users/rob/.m2/repository/io/vertx/vertx-bridge-common/4.1.5/vertx-bridge-common-4.1.5.jar:/Users/rob/.m2/repository/io/vertx/vertx-core/4.1.5/vertx-core-4.1.5.jar:/Users/rob/.m2/repository/io/netty/netty-common/4.1.68.Final/netty-common-4.1.68.Final.jar:/Users/rob/.m2/repository/io/netty/netty-handler-proxy/4.1.68.Final/netty-handler-proxy-4.1.68.Final.jar:/Users/rob/.m2/repository/io/netty/netty-codec-socks/4.1.68.Final/netty-codec-socks-4.1.68.Final.jar:/Users/rob/.m2/repository/io/netty/netty-resolver/4.1.68.Final/netty-resolver-4.1.68.Final.jar:/Users/rob/.m2/repository/io/netty/netty-resolver-dns/4.1.68.Final/netty-resolver-dns-4.1.68.Final.jar:/Users/rob/.m2/repository/io/netty/netty-codec-dns/4.1.68.Final/netty-codec-dns-4.1.68.Final.jar:/Users/rob/.m2/repository/io/quarkus/quarkus-resteasy-server-common/2.4.1.Final/quarkus-resteasy-server-common-2.4.1.Final.jar:/Users/rob/.m2/repository/io/quarkus/quarkus-resteasy-common/2.4.1.Final/quarkus-resteasy-common-2.4.1.Final.jar:/Users/rob/.m2/repository/org/jboss/resteasy/resteasy-core/4.7.0.Final/resteasy-core-4.7.0.Final.jar:/Users/rob/.m2/repository/org/jboss/spec/javax/ws/rs/jboss-jaxrs-api_2.1_spec/2.0.1.Final/jboss-jaxrs-api_2.1_spec-2.0.1.Final.jar:/Users/rob/.m2/repository/org/jboss/resteasy/resteasy-core-spi/4.7.0.Final/resteasy-core-spi-4.7.0.Final.jar:/Users/rob/.m2/repository/com/ibm/async/asyncutil/0.1.0/asyncutil-0.1.0.jar:/Users/rob/.m2/repository/io/quarkus/quarkus-smallrye-jwt/2.4.1.Final/quarkus-smallrye-jwt-2.4.1.Final.jar:/Users/rob/.m2/repository/io/smallrye/smallrye-jwt/3.3.0/smallrye-jwt-3.3.0.jar:/Users/rob/.m2/repository/org/eclipse/microprofile/config/microprofile-config-api/2.0/microprofile-config-api-2.0.jar:/Users/rob/.m2/repository/org/bitbucket/b_c/jose4j/0.7.9/jose4j-0.7.9.jar:/Users/rob/.m2/repository/io/smallrye/smallrye-jwt-common/3.3.0/smallrye-jwt-common-3.3.0.jar:/Users/rob/.m2/repository/jakarta/annotation/jakarta.annotation-api/1.3.5/jakarta.annotation-api-1.3.5.jar:/Users/rob/.m2/repository/io/quarkus/quarkus-reactive-routes/2.4.1.Final/quarkus-reactive-routes-2.4.1.Final.jar:/Users/rob/.m2/repository/io/smallrye/common/smallrye-common-annotation/1.6.0/smallrye-common-annotation-1.6.0.jar:/Users/rob/.m2/repository/io/quarkus/quarkus-security/2.4.1.Final/quarkus-security-2.4.1.Final.jar:/Users/rob/.m2/repository/io/quarkus/quarkus-smallrye-jwt-build/2.4.1.Final/quarkus-smallrye-jwt-build-2.4.1.Final.jar:/Users/rob/.m2/repository/io/smallrye/smallrye-jwt-build/3.3.0/smallrye-jwt-build-3.3.0.jar:/Users/rob/.m2/repository/io/quarkus/quarkus-jsonp/2.4.1.Final/quarkus-jsonp-2.4.1.Final.jar:/Users/rob/.m2/repository/org/glassfish/jakarta.json/1.1.6/jakarta.json-1.1.6.jar:/Users/rob/.m2/repository/io/quarkus/quarkus-smallrye-openapi/2.4.1.Final/quarkus-smallrye-openapi-2.4.1.Final.jar:/Users/rob/.m2/repository/io/smallrye/smallrye-open-api-core/2.1.15/smallrye-open-api-core-2.1.15.jar:/Users/rob/.m2/repository/com/fasterxml/jackson/core/jackson-core/2.12.5/jackson-core-2.12.5.jar:/Users/rob/.m2/repository/org/jboss/jandex/2.4.1.Final/jandex-2.4.1.Final.jar:/Users/rob/.m2/repository/io/quarkus/quarkus-swagger-ui/2.4.1.Final/quarkus-swagger-ui-2.4.1.Final.jar:/Users/rob/.m2/repository/io/quarkus/quarkus-smallrye-health/2.4.1.Final/quarkus-smallrye-health-2.4.1.Final.jar:/Users/rob/.m2/repository/io/smallrye/smallrye-health/3.1.2/smallrye-health-3.1.2.jar:/Users/rob/.m2/repository/org/eclipse/microprofile/health/microprofile-health-api/3.1/microprofile-health-api-3.1.jar:/Users/rob/.m2/repository/io/smallrye/smallrye-health-api/3.1.2/smallrye-health-api-3.1.2.jar:/Users/rob/.m2/repository/io/smallrye/smallrye-health-provided-checks/3.1.2/smallrye-health-provided-checks-3.1.2.jar:/Users/rob/.m2/repository/io/quarkus/quarkus-resteasy-jaxb/2.4.1.Final/quarkus-resteasy-jaxb-2.4.1.Final.jar:/Users/rob/.m2/repository/io/quarkus/quarkus-jaxb/2.4.1.Final/quarkus-jaxb-2.4.1.Final.jar:/Users/rob/.m2/repository/io/quarkus/quarkus-jaxp/2.4.1.Final/quarkus-jaxp-2.4.1.Final.jar:/Users/rob/.m2/repository/org/glassfish/jaxb/jaxb-runtime/2.3.3-b02/jaxb-runtime-2.3.3-b02.jar:/Users/rob/.m2/repository/org/glassfish/jaxb/txw2/2.3.3-b02/txw2-2.3.3-b02.jar:/Users/rob/.m2/repository/com/sun/istack/istack-commons-runtime/3.0.10/istack-commons-runtime-3.0.10.jar:/Users/rob/.m2/repository/org/jboss/resteasy/resteasy-jaxb-provider/4.7.0.Final/resteasy-jaxb-provider-4.7.0.Final.jar:/Users/rob/.m2/repository/org/jboss/spec/javax/xml/bind/jboss-jaxb-api_2.3_spec/2.0.0.Final/jboss-jaxb-api_2.3_spec-2.0.0.Final.jar:/Users/rob/.m2/repository/io/quarkus/quarkus-container-image-docker/2.4.1.Final/quarkus-container-image-docker-2.4.1.Final.jar:/Users/rob/.m2/repository/io/quarkus/quarkus-container-image/2.4.1.Final/quarkus-container-image-2.4.1.Final.jar:/Users/rob/.m2/repository/io/quarkus/quarkus-hibernate-validator/2.4.1.Final/quarkus-hibernate-validator-2.4.1.Final.jar:/Users/rob/.m2/repository/org/hibernate/validator/hibernate-validator/6.2.0.Final/hibernate-validator-6.2.0.Final.jar:/Users/rob/.m2/repository/com/fasterxml/classmate/1.5.1/classmate-1.5.1.jar:/Users/rob/.m2/repository/org/glassfish/jakarta.el/3.0.4/jakarta.el-3.0.4.jar:/Users/rob/.m2/repository/io/smallrye/config/smallrye-config-validator/2.5.1/smallrye-config-validator-2.5.1.jar:/Users/rob/.m2/repository/io/quarkus/quarkus-junit5/2.4.1.Final/quarkus-junit5-2.4.1.Final.jar:/Users/rob/.m2/repository/io/quarkus/quarkus-bootstrap-core/2.4.1.Final/quarkus-bootstrap-core-2.4.1.Final.jar:/Users/rob/.m2/repository/io/quarkus/quarkus-bootstrap-app-model/2.4.1.Final/quarkus-bootstrap-app-model-2.4.1.Final.jar:/Users/rob/.m2/repository/io/quarkus/quarkus-bootstrap-maven-resolver/2.4.1.Final/quarkus-bootstrap-maven-resolver-2.4.1.Final.jar:/Users/rob/.m2/repository/org/apache/maven/maven-embedder/3.8.1/maven-embedder-3.8.1.jar:/Users/rob/.m2/repository/org/apache/maven/maven-settings/3.8.1/maven-settings-3.8.1.jar:/Users/rob/.m2/repository/org/apache/maven/maven-core/3.8.1/maven-core-3.8.1.jar:/Users/rob/.m2/repository/org/apache/maven/maven-artifact/3.8.1/maven-artifact-3.8.1.jar:/Users/rob/.m2/repository/org/codehaus/plexus/plexus-component-annotations/2.1.0/plexus-component-annotations-2.1.0.jar:/Users/rob/.m2/repository/org/apache/maven/maven-plugin-api/3.8.1/maven-plugin-api-3.8.1.jar:/Users/rob/.m2/repository/org/apache/maven/maven-model/3.8.1/maven-model-3.8.1.jar:/Users/rob/.m2/repository/org/apache/maven/maven-model-builder/3.8.1/maven-model-builder-3.8.1.jar:/Users/rob/.m2/repository/org/apache/maven/maven-builder-support/3.8.1/maven-builder-support-3.8.1.jar:/Users/rob/.m2/repository/org/apache/maven/resolver/maven-resolver-api/1.6.2/maven-resolver-api-1.6.2.jar:/Users/rob/.m2/repository/org/apache/maven/resolver/maven-resolver-util/1.6.2/maven-resolver-util-1.6.2.jar:/Users/rob/.m2/repository/org/apache/maven/shared/maven-shared-utils/3.3.3/maven-shared-utils-3.3.3.jar:/Users/rob/.m2/repository/com/google/inject/guice/4.2.1/guice-4.2.1-no_aop.jar:/Users/rob/.m2/repository/org/codehaus/plexus/plexus-utils/3.2.1/plexus-utils-3.2.1.jar:/Users/rob/.m2/repository/org/codehaus/plexus/plexus-classworlds/2.6.0/plexus-classworlds-2.6.0.jar:/Users/rob/.m2/repository/org/eclipse/sisu/org.eclipse.sisu.plexus/0.3.4/org.eclipse.sisu.plexus-0.3.4.jar:/Users/rob/.m2/repository/org/apache/maven/maven-settings-builder/3.8.1/maven-settings-builder-3.8.1.jar:/Users/rob/.m2/repository/org/codehaus/plexus/plexus-interpolation/1.25/plexus-interpolation-1.25.jar:/Users/rob/.m2/repository/org/sonatype/plexus/plexus-sec-dispatcher/1.4/plexus-sec-dispatcher-1.4.jar:/Users/rob/.m2/repository/org/sonatype/plexus/plexus-cipher/1.4/plexus-cipher-1.4.jar:/Users/rob/.m2/repository/org/apache/maven/maven-resolver-provider/3.8.1/maven-resolver-provider-3.8.1.jar:/Users/rob/.m2/repository/org/apache/maven/maven-repository-metadata/3.8.1/maven-repository-metadata-3.8.1.jar:/Users/rob/.m2/repository/org/apache/maven/resolver/maven-resolver-spi/1.6.2/maven-resolver-spi-1.6.2.jar:/Users/rob/.m2/repository/org/apache/maven/resolver/maven-resolver-impl/1.6.2/maven-resolver-impl-1.6.2.jar:/Users/rob/.m2/repository/org/apache/maven/resolver/maven-resolver-connector-basic/1.6.2/maven-resolver-connector-basic-1.6.2.jar:/Users/rob/.m2/repository/org/apache/maven/resolver/maven-resolver-transport-wagon/1.6.2/maven-resolver-transport-wagon-1.6.2.jar:/Users/rob/.m2/repository/org/apache/maven/wagon/wagon-http/3.4.3/wagon-http-3.4.3.jar:/Users/rob/.m2/repository/org/apache/maven/wagon/wagon-http-shared/3.4.3/wagon-http-shared-3.4.3.jar:/Users/rob/.m2/repository/org/jsoup/jsoup/1.12.1/jsoup-1.12.1.jar:/Users/rob/.m2/repository/org/apache/maven/wagon/wagon-provider-api/3.4.3/wagon-provider-api-3.4.3.jar:/Users/rob/.m2/repository/org/apache/maven/wagon/wagon-file/3.4.3/wagon-file-3.4.3.jar:/Users/rob/.m2/repository/io/quarkus/quarkus-bootstrap-gradle-resolver/2.4.1.Final/quarkus-bootstrap-gradle-resolver-2.4.1.Final.jar:/Users/rob/.m2/repository/io/smallrye/common/smallrye-common-io/1.6.0/smallrye-common-io-1.6.0.jar:/Users/rob/.m2/repository/org/eclipse/sisu/org.eclipse.sisu.inject/0.3.4/org.eclipse.sisu.inject-0.3.4.jar:/Users/rob/.m2/repository/io/quarkus/quarkus-test-common/2.4.1.Final/quarkus-test-common-2.4.1.Final.jar:/Users/rob/.m2/repository/io/quarkus/quarkus-core-deployment/2.4.1.Final/quarkus-core-deployment-2.4.1.Final.jar:/Users/rob/.m2/repository/org/aesh/readline/2.1/readline-2.1.jar:/Users/rob/.m2/repository/org/fusesource/jansi/jansi/1.18/jansi-1.18.jar:/Users/rob/.m2/repository/io/quarkus/gizmo/gizmo/1.0.9.Final/gizmo-1.0.9.Final.jar:/Users/rob/.m2/repository/org/ow2/asm/asm-util/9.1/asm-util-9.1.jar:/Users/rob/.m2/repository/io/quarkus/quarkus-class-change-agent/2.4.1.Final/quarkus-class-change-agent-2.4.1.Final.jar:/Users/rob/.m2/repository/io/quarkus/quarkus-devtools-utilities/2.4.1.Final/quarkus-devtools-utilities-2.4.1.Final.jar:/Users/rob/.m2/repository/io/quarkus/quarkus-builder/2.4.1.Final/quarkus-builder-2.4.1.Final.jar:/Users/rob/.m2/repository/org/junit/platform/junit-platform-launcher/1.8.1/junit-platform-launcher-1.8.1.jar:/Users/rob/.m2/repository/io/quarkus/quarkus-jsonp-deployment/2.4.1.Final/quarkus-jsonp-deployment-2.4.1.Final.jar:/Users/rob/.m2/repository/org/jboss/logging/commons-logging-jboss-logging/1.0.0.Final/commons-logging-jboss-logging-1.0.0.Final.jar:/Users/rob/.m2/repository/org/junit/jupiter/junit-jupiter/5.8.1/junit-jupiter-5.8.1.jar:/Users/rob/.m2/repository/org/junit/jupiter/junit-jupiter-api/5.8.1/junit-jupiter-api-5.8.1.jar:/Users/rob/.m2/repository/org/opentest4j/opentest4j/1.2.0/opentest4j-1.2.0.jar:/Users/rob/.m2/repository/org/junit/platform/junit-platform-commons/1.8.1/junit-platform-commons-1.8.1.jar:/Users/rob/.m2/repository/org/apiguardian/apiguardian-api/1.1.2/apiguardian-api-1.1.2.jar:/Users/rob/.m2/repository/org/junit/jupiter/junit-jupiter-params/5.8.1/junit-jupiter-params-5.8.1.jar:/Users/rob/.m2/repository/org/junit/jupiter/junit-jupiter-engine/5.8.1/junit-jupiter-engine-5.8.1.jar:/Users/rob/.m2/repository/org/junit/platform/junit-platform-engine/1.8.1/junit-platform-engine-1.8.1.jar:/Users/rob/.m2/repository/com/thoughtworks/xstream/xstream/1.4.18/xstream-1.4.18.jar:/Users/rob/.m2/repository/io/github/x-stream/mxparser/1.2.2/mxparser-1.2.2.jar:/Users/rob/.m2/repository/xmlpull/xmlpull/1.1.3.1/xmlpull-1.1.3.1.jar:/Users/rob/.m2/repository/io/quarkus/quarkus-junit5-mockito/2.4.1.Final/quarkus-junit5-mockito-2.4.1.Final.jar:/Users/rob/.m2/repository/io/quarkus/quarkus-arc-deployment/2.4.1.Final/quarkus-arc-deployment-2.4.1.Final.jar:/Users/rob/.m2/repository/io/quarkus/quarkus-vertx-http-dev-console-spi/2.4.1.Final/quarkus-vertx-http-dev-console-spi-2.4.1.Final.jar:/Users/rob/.m2/repository/io/quarkus/arc/arc-processor/2.4.1.Final/arc-processor-2.4.1.Final.jar:/Users/rob/.m2/repository/org/mockito/mockito-core/3.12.4/mockito-core-3.12.4.jar:/Users/rob/.m2/repository/net/bytebuddy/byte-buddy/1.11.13/byte-buddy-1.11.13.jar:/Users/rob/.m2/repository/net/bytebuddy/byte-buddy-agent/1.11.13/byte-buddy-agent-1.11.13.jar:/Users/rob/.m2/repository/org/objenesis/objenesis/3.2/objenesis-3.2.jar:/Users/rob/.m2/repository/io/quarkus/quarkus-mutiny/2.4.1.Final/quarkus-mutiny-2.4.1.Final.jar:/Users/rob/.m2/repository/io/smallrye/reactive/mutiny/1.1.2/mutiny-1.1.2.jar:/Users/rob/.m2/repository/org/reactivestreams/reactive-streams/1.0.3/reactive-streams-1.0.3.jar:/Users/rob/.m2/repository/io/quarkus/quarkus-smallrye-context-propagation/2.4.1.Final/quarkus-smallrye-context-propagation-2.4.1.Final.jar:/Users/rob/.m2/repository/io/smallrye/smallrye-context-propagation/1.2.2/smallrye-context-propagation-1.2.2.jar:/Users/rob/.m2/repository/io/smallrye/smallrye-context-propagation-api/1.2.2/smallrye-context-propagation-api-1.2.2.jar:/Users/rob/.m2/repository/io/smallrye/smallrye-context-propagation-storage/1.2.2/smallrye-context-propagation-storage-1.2.2.jar:/Users/rob/.m2/repository/io/smallrye/reactive/mutiny-smallrye-context-propagation/1.1.2/mutiny-smallrye-context-propagation-1.1.2.jar:/Users/rob/.m2/repository/io/quarkus/quarkus-test-security-jwt/2.4.1.Final/quarkus-test-security-jwt-2.4.1.Final.jar:/Users/rob/.m2/repository/io/quarkus/quarkus-test-security/2.4.1.Final/quarkus-test-security-2.4.1.Final.jar:/Users/rob/.m2/repository/org/eclipse/microprofile/jwt/microprofile-jwt-auth-api/1.2/microprofile-jwt-auth-api-1.2.jar:/Users/rob/.m2/repository/io/rest-assured/rest-assured/4.4.0/rest-assured-4.4.0.jar:/Users/rob/.m2/repository/org/codehaus/groovy/groovy/3.0.8/groovy-3.0.8.jar:/Users/rob/.m2/repository/org/codehaus/groovy/groovy-xml/3.0.8/groovy-xml-3.0.8.jar:/Users/rob/.m2/repository/org/apache/httpcomponents/httpclient/4.5.13/httpclient-4.5.13.jar:/Users/rob/.m2/repository/org/apache/httpcomponents/httpcore/4.4.14/httpcore-4.4.14.jar:/Users/rob/.m2/repository/commons-codec/commons-codec/1.15/commons-codec-1.15.jar:/Users/rob/.m2/repository/org/apache/httpcomponents/httpmime/4.5.13/httpmime-4.5.13.jar:/Users/rob/.m2/repository/org/hamcrest/hamcrest/2.1/hamcrest-2.1.jar:/Users/rob/.m2/repository/org/ccil/cowan/tagsoup/tagsoup/1.2.1/tagsoup-1.2.1.jar:/Users/rob/.m2/repository/io/rest-assured/json-path/4.4.0/json-path-4.4.0.jar:/Users/rob/.m2/repository/org/codehaus/groovy/groovy-json/3.0.8/groovy-json-3.0.8.jar:/Users/rob/.m2/repository/io/rest-assured/rest-assured-common/4.4.0/rest-assured-common-4.4.0.jar:/Users/rob/.m2/repository/io/rest-assured/xml-path/4.4.0/xml-path-4.4.0.jar:/Users/rob/.m2/repository/org/apache/commons/commons-lang3/3.12.0/commons-lang3-3.12.0.jar:/Users/rob/.m2/repository/io/quarkus/quarkus-jacoco/2.4.1.Final/quarkus-jacoco-2.4.1.Final.jar:/Users/rob/.m2/repository/org/jacoco/org.jacoco.core/0.8.7/org.jacoco.core-0.8.7.jar:/Users/rob/.m2/repository/org/ow2/asm/asm/9.2/asm-9.2.jar:/Users/rob/.m2/repository/org/ow2/asm/asm-tree/9.2/asm-tree-9.2.jar:/Users/rob/.m2/repository/org/jacoco/org.jacoco.report/0.8.7/org.jacoco.report-0.8.7.jar:/Users/rob/.m2/repository/org/jacoco/org.jacoco.agent/0.8.7/org.jacoco.agent-0.8.7.jar:/Users/rob/.m2/repository/org/jacoco/org.jacoco.agent/0.8.7/org.jacoco.agent-0.8.7-runtime.jar:/Users/rob/.m2/repository/org/ow2/asm/asm-commons/9.2/asm-commons-9.2.jar:/Users/rob/.m2/repository/org/ow2/asm/asm-analysis/9.2/asm-analysis-9.2.jar:/Users/rob/.m2/repository/com/openpojo/openpojo/0.9.1/openpojo-0.9.1.jar:"/>
    <property name="sun.cpu.endian" value="little"/>
    <property name="user.home" value="/Users/rob"/>
    <property name="user.language" value="nl"/>
    <property name="java.specification.vendor" value="Oracle Corporation"/>
    <property name="io.netty.allocator.maxOrder" value="3"/>
    <property name="java.version.date" value="2020-10-20"/>
    <property name="java.home" value="/Library/Java/JavaVirtualMachines/graalvm-ce-java11-20.3.0/Contents/Home"/>
    <property name="file.separator" value="/"/>
    <property name="basedir" value="/Users/rob/Code/CoMPAS/compas-scl-auto-alignment/app"/>
    <property name="java.vm.compressedOopsMode" value="Zero based"/>
    <property name="line.separator" value="&#10;"/>
    <property name="jdk.internal.vm.ci.enabled" value="true"/>
    <property name="java.specification.name" value="Java Platform API Specification"/>
    <property name="java.vm.specification.vendor" value="Oracle Corporation"/>
    <property name="java.awt.graphicsenv" value="sun.awt.CGraphicsEnvironment"/>
    <property name="surefire.real.class.path" value="/Users/rob/Code/CoMPAS/compas-scl-auto-alignment/app/target/surefire/surefirebooter10715717948075375982.jar"/>
    <property name="sun.management.compiler" value="HotSpot 64-Bit Tiered Compilers"/>
    <property name="ftp.nonProxyHosts" value="local|*.local|169.254/16|*.169.254/16"/>
    <property name="java.runtime.version" value="11.0.9+10-jvmci-20.3-b06"/>
    <property name="user.name" value="rob"/>
    <property name="path.separator" value=":"/>
    <property name="os.version" value="10.16"/>
    <property name="java.runtime.name" value="OpenJDK Runtime Environment"/>
    <property name="file.encoding" value="UTF-8"/>
    <property name="sun.nio.ch.bugLevel" value=""/>
    <property name="java.vm.name" value="OpenJDK 64-Bit Server VM"/>
    <property name="java.vendor.version" value="GraalVM CE 20.3.0"/>
    <property name="localRepository" value="/Users/rob/.m2/repository"/>
    <property name="java.vendor.url.bug" value="https://github.com/oracle/graal/issues"/>
    <property name="java.io.tmpdir" value="/var/folders/g_/b18_5sj936dbl275sb9bqk840000gn/T/"/>
    <property name="quarkus.log.file.path" value="target/quarkus.log"/>
    <property name="java.version" value="11.0.9"/>
    <property name="java.util.concurrent.ForkJoinPool.common.threadFactory" value="io.quarkus.bootstrap.forkjoin.QuarkusForkJoinWorkerThreadFactory"/>
    <property name="user.dir" value="/Users/rob/Code/CoMPAS/compas-scl-auto-alignment/app"/>
    <property name="os.arch" value="x86_64"/>
    <property name="java.vm.specification.name" value="Java Virtual Machine Specification"/>
    <property name="vertx.disableDnsResolver" value="true"/>
    <property name="java.awt.printerjob" value="sun.lwawt.macosx.CPrinterJob"/>
    <property name="sun.os.patch.level" value="unknown"/>
    <property name="java.util.logging.manager" value="org.jboss.logmanager.LogManager"/>
    <property name="java.library.path" value="/Users/rob/Library/Java/Extensions:/Library/Java/Extensions:/Network/Library/Java/Extensions:/System/Library/Java/Extensions:/usr/lib/java:."/>
    <property name="java.vm.info" value="mixed mode, sharing"/>
    <property name="java.vendor" value="GraalVM Community"/>
    <property name="vertx.disableTCCL" value="true"/>
    <property name="java.vm.version" value="11.0.9+10-jvmci-20.3-b06"/>
    <property name="sun.io.unicode.encoding" value="UnicodeBig"/>
    <property name="io.netty.machineId" value="95:1c:10:c8:75:40:f5:0e"/>
    <property name="java.class.version" value="55.0"/>
    <property name="socksNonProxyHosts" value="local|*.local|169.254/16|*.169.254/16"/>
    <property name="jacoco-agent.destfile" value="/Users/rob/Code/CoMPAS/compas-scl-auto-alignment/app/target/jacoco-quarkus.exec"/>
    <property name="mp.openapi.extensions.smallrye.defaultConsumes" value="application/json"/>
  </properties>
  <testcase name="testLivenessEndpoint" classname="org.lfenergy.compas.scl.auto.alignment.rest.HealthCheckTest" time="1.596">
    <system-out><![CDATA[2021-11-24 23:59:01,662 INFO  [io.quarkus] (main) Quarkus 2.4.1.Final on JVM started in 3.161s. Listening on: http://localhost:8081
2021-11-24 23:59:01,664 INFO  [io.quarkus] (main) Profile test activated. 
2021-11-24 23:59:01,664 INFO  [io.quarkus] (main) Installed features: [cdi, hibernate-validator, jacoco, reactive-routes, resteasy-jaxb, security, smallrye-context-propagation, smallrye-health, smallrye-jwt, smallrye-openapi, swagger-ui, vertx]
]]></system-out>
  </testcase>
  <testcase name="testReadinessEndpoint" classname="org.lfenergy.compas.scl.auto.alignment.rest.HealthCheckTest" time="0.034"/>
</testsuite>